<?xml version="1.0" encoding="UTF-8"?>
<!-- Generated by org.testng.reporters.JUnitReportReporter -->
<testsuite skipped="0" hostname="Shubham" name="com.w2a.testcases.LoginTest" tests="1" failures="0" timestamp="2020-05-14T21:20:20 IST" time="3.226" errors="0">
  <testcase name="loginAsBankManager" time="3.226" classname="com.w2a.testcases.LoginTest"/>
  <system-out/>
</testsuite> <!-- com.w2a.testcases.LoginTest -->
