<?xml version="1.0" encoding="UTF-8"?>
<!-- Generated by org.testng.reporters.JUnitReportReporter -->
<testsuite skipped="0" hostname="Shubham" name="com.w2a.testcases.BankManagerLoginTest" tests="1" failures="0" timestamp="2020-06-06T12:49:17 IST" time="9.707" errors="0">
  <testcase name="bankManagerloginTest" time="9.707" classname="com.w2a.testcases.BankManagerLoginTest"/>
  <system-out>
<br>Verification failure :expected [abc] but found [xyz]<br> <a target="blank" href=Sat_Jun_06_12_48_20_IST_2020jpg><img src=Sat_Jun_06_12_48_20_IST_2020jpg height=200 width=200></img><a/> <br>  </system-out>
</testsuite> <!-- com.w2a.testcases.BankManagerLoginTest -->
