<?xml version="1.0" encoding="UTF-8"?>
<!-- Generated by org.testng.reporters.JUnitReportReporter -->
<testsuite skipped="0" hostname="Shubham" name="com.w2a.testcases.OpenAccountTest" tests="1" failures="0" timestamp="2020-06-06T12:49:17 IST" time="6.648" errors="0">
  <testcase name="openAccountTest" time="6.648" classname="com.w2a.testcases.OpenAccountTest"/>
  <system-out/>
</testsuite> <!-- com.w2a.testcases.OpenAccountTest -->
