<?xml version="1.0" encoding="UTF-8"?>
<!-- Generated by org.testng.reporters.JUnitReportReporter -->
<testsuite skipped="0" hostname="Shubham" name="com.w2a.testcases.BankManagerLoginTest" tests="1" failures="0" timestamp="2020-05-25T20:50:57 IST" time="6.607" errors="0">
  <testcase name="bankManagerloginTest" time="6.607" classname="com.w2a.testcases.BankManagerLoginTest"/>
  <system-out>
<br>Verification failure :expected [abc] but found [xyz]<br> <a target="blank" href=Mon_May_25_20_50_21_IST_2020jpg><img src=Mon_May_25_20_50_21_IST_2020jpg height=200 width=200></img><a/> <br>  </system-out>
</testsuite> <!-- com.w2a.testcases.BankManagerLoginTest -->
