<?xml version="1.0" encoding="UTF-8"?>
<!-- Generated by org.testng.reporters.JUnitReportReporter -->
<testsuite skipped="1" hostname="Shubham" name="com.w2a.testcases.AddCustomerTest" tests="4" failures="0" timestamp="2020-06-06T12:49:17 IST" time="13.735" errors="0">
  <testcase name="addCustomerTest" time="0.003" classname="com.w2a.testcases.AddCustomerTest">
    <skipped/>
  </testcase> <!-- addCustomerTest -->
  <system-out/>
  <testcase name="addCustomerTest" time="5.067" classname="com.w2a.testcases.AddCustomerTest"/>
  <system-out/>
  <testcase name="addCustomerTest" time="4.355" classname="com.w2a.testcases.AddCustomerTest"/>
  <system-out/>
  <testcase name="addCustomerTest" time="4.310" classname="com.w2a.testcases.AddCustomerTest"/>
  <system-out/>
</testsuite> <!-- com.w2a.testcases.AddCustomerTest -->
